2026-03-31 12:53:13 - DoroPet - INFO - 配置文件加载成功: settings.yaml
2026-03-31 12:53:13 - DoroPet - INFO - 配置文件加载成功: character.yaml
2026-03-31 12:53:13 - DoroPet - INFO - 配置文件加载成功: actions.yaml
2026-03-31 12:53:13 - DoroPet - INFO - 配置文件加载成功: commands.yaml
2026-03-31 12:59:16 - DoroPet - INFO - 配置文件加载成功: settings.yaml
2026-03-31 12:59:16 - DoroPet - INFO - 配置文件加载成功: character.yaml
2026-03-31 12:59:16 - DoroPet - INFO - 配置文件加载成功: actions.yaml
2026-03-31 12:59:16 - DoroPet - INFO - 配置文件加载成功: commands.yaml
2026-03-31 12:59:17 - DoroPet - INFO - Doro桌面宠物启动中...
2026-03-31 12:59:17 - DoroPet - INFO - 用户记忆加载成功，已投喂橘子5个
2026-03-31 12:59:17 - DoroPet - INFO - 动作管理器初始化完成
2026-03-31 12:59:17 - DoroPet - INFO - 命令解析器初始化完成
2026-03-31 13:07:27 - DoroPet - INFO - 配置文件加载成功: settings.yaml
2026-03-31 13:07:27 - DoroPet - INFO - 配置文件加载成功: character.yaml
2026-03-31 13:07:27 - DoroPet - INFO - 配置文件加载成功: actions.yaml
2026-03-31 13:07:27 - DoroPet - INFO - 配置文件加载成功: commands.yaml
2026-03-31 13:07:27 - DoroPet - INFO - Doro桌面宠物启动中...
2026-03-31 13:07:27 - DoroPet - INFO - 用户记忆加载成功，已投喂橘子5个
2026-03-31 13:07:27 - DoroPet - INFO - 动作管理器初始化完成
2026-03-31 13:07:27 - DoroPet - INFO - 命令解析器初始化完成
